<?xml version="1.0" encoding="UTF-8"?>
<robot generator="Robot 3.2.1 (Python 3.8.2 on win32)" generated="20200622 14:04:14.300" rpa="false">
<suite id="s1" name="KratosProject" source="D:\1.SourceCode\Project\Kratos\KratosProject">
<suite id="s1-s1" name="Test Cases" source="D:\1.SourceCode\Project\Kratos\KratosProject\Test Cases">
<suite id="s1-s1-s1" name="Server Api" source="D:\1.SourceCode\Project\Kratos\KratosProject\Test Cases\server_api.robot">
<test id="s1-s1-s1-t1" name="Test case 1">
<kw name="Verify Network Configuration Information" library="ServerAPI">
<doc>test</doc>
<arguments>
<arg>1</arg>
<arg>/Configuration/NetworkSettings/0</arg>
<arg>bhuvana-Mon300</arg>
</arguments>
<msg timestamp="20200622 14:04:14.762" level="INFO">Argument types are:
&lt;class 'int'&gt;
&lt;type 'unicode'&gt;</msg>
<status status="PASS" starttime="20200622 14:04:14.758" endtime="20200622 14:04:18.152"></status>
</kw>
<status status="PASS" starttime="20200622 14:04:14.756" endtime="20200622 14:04:18.154" critical="yes"></status>
</test>
<status status="PASS" starttime="20200622 14:04:14.390" endtime="20200622 14:04:18.157"></status>
</suite>
<status status="PASS" starttime="20200622 14:04:14.384" endtime="20200622 14:04:18.162"></status>
</suite>
<status status="PASS" starttime="20200622 14:04:14.332" endtime="20200622 14:04:18.166"></status>
</suite>
<statistics>
<total>
<stat pass="1" fail="0">Critical Tests</stat>
<stat pass="1" fail="0">All Tests</stat>
</total>
<tag>
</tag>
<suite>
<stat pass="1" fail="0" id="s1" name="KratosProject">KratosProject</stat>
<stat pass="1" fail="0" id="s1-s1" name="Test Cases">KratosProject.Test Cases</stat>
<stat pass="1" fail="0" id="s1-s1-s1" name="Server Api">KratosProject.Test Cases.Server Api</stat>
</suite>
</statistics>
<errors>
</errors>
</robot>
