<?xml version="1.0" encoding="UTF-8"?>
<robot generator="Robot 3.2.1 (Python 3.6.8 on win32)" generated="20200615 10:44:08.332" rpa="false">
<suite id="s1" name="TC 001 Get Networks Configuration" source="C:\Users\hung.vo\MN300-RF\MN300-BackEnd\Test Cases\NetworkConfiguration\TC_001_Get_Networks_Configuration.robot">
<kw name="initialize" library="init" type="setup">
<kw name="Set Global Variable" library="BuiltIn">
<doc>Makes a variable available globally in all tests and suites.</doc>
<arguments>
<arg>@{BaseURL}</arg>
<arg>https://10.244.125.77</arg>
</arguments>
<msg timestamp="20200615 10:44:09.092" level="INFO">@{BaseURL} = [ https://10.244.125.77 ]</msg>
<status status="PASS" starttime="20200615 10:44:09.091" endtime="20200615 10:44:09.092"></status>
</kw>
<kw name="Set Global Variable" library="BuiltIn">
<doc>Makes a variable available globally in all tests and suites.</doc>
<arguments>
<arg>&amp;{credential}</arg>
<arg>user=admin</arg>
<arg>pass=Krt123Krt123@#</arg>
</arguments>
<msg timestamp="20200615 10:44:09.093" level="INFO">&amp;{credential} = { user=admin | pass=Krt123Krt123@# }</msg>
<status status="PASS" starttime="20200615 10:44:09.092" endtime="20200615 10:44:09.093"></status>
</kw>
<kw name="Create Session" library="RequestsLibrary">
<doc>Create Session: create a HTTP session to a server</doc>
<arguments>
<arg>appdata</arg>
<arg>@{BaseURL}</arg>
</arguments>
<msg timestamp="20200615 10:44:09.094" level="INFO">Creating Session using : alias=appdata, url=https://10.244.125.77, headers={},                     cookies={}, auth=None, timeout=None, proxies=None, verify=False,                     debug=0 </msg>
<status status="PASS" starttime="20200615 10:44:09.094" endtime="20200615 10:44:09.094"></status>
</kw>
<kw name="Set Global Variable" library="BuiltIn">
<doc>Makes a variable available globally in all tests and suites.</doc>
<arguments>
<arg>@{session}</arg>
<arg>appdata</arg>
</arguments>
<msg timestamp="20200615 10:44:09.095" level="INFO">@{session} = [ appdata ]</msg>
<status status="PASS" starttime="20200615 10:44:09.094" endtime="20200615 10:44:09.095"></status>
</kw>
<kw name="Set Global Variable" library="BuiltIn">
<doc>Makes a variable available globally in all tests and suites.</doc>
<arguments>
<arg>@{ip}</arg>
<arg>10.244.125.77</arg>
</arguments>
<msg timestamp="20200615 10:44:09.095" level="INFO">@{ip} = [ 10.244.125.77 ]</msg>
<status status="PASS" starttime="20200615 10:44:09.095" endtime="20200615 10:44:09.095"></status>
</kw>
<status status="PASS" starttime="20200615 10:44:09.091" endtime="20200615 10:44:09.095"></status>
</kw>
<test id="s1-t1" name="TC_Get_Networks_Configuration_001">
<kw name="Set Variable" library="BuiltIn">
<doc>Returns the given values which can then be assigned to a variables.</doc>
<arguments>
<arg>${credential}[user]</arg>
</arguments>
<assign>
<var>${username}</var>
</assign>
<msg timestamp="20200615 10:44:09.096" level="INFO">${username} = admin</msg>
<status status="PASS" starttime="20200615 10:44:09.096" endtime="20200615 10:44:09.096"></status>
</kw>
<kw name="Set Variable" library="BuiltIn">
<doc>Returns the given values which can then be assigned to a variables.</doc>
<arguments>
<arg>${credential}[pass]</arg>
</arguments>
<assign>
<var>${password}</var>
</assign>
<msg timestamp="20200615 10:44:09.097" level="INFO">${password} = Krt123Krt123@#</msg>
<status status="PASS" starttime="20200615 10:44:09.096" endtime="20200615 10:44:09.097"></status>
</kw>
<kw name="Log To Console" library="BuiltIn">
<doc>Logs the given message to the console.</doc>
<arguments>
<arg>${username}</arg>
</arguments>
<status status="PASS" starttime="20200615 10:44:09.097" endtime="20200615 10:44:09.097"></status>
</kw>
<kw name="Login_Post_Call" library="Login">
<arguments>
<arg>${username}</arg>
<arg>${password}</arg>
<arg>@{session}</arg>
</arguments>
<assign>
<var>${token}</var>
</assign>
<kw name="Create Dictionary" library="BuiltIn">
<doc>Creates and returns a dictionary based on the given ``items``.</doc>
<arguments>
<arg>Content-Type=application/json</arg>
</arguments>
<assign>
<var>&amp;{headers}</var>
</assign>
<msg timestamp="20200615 10:44:09.098" level="INFO">&amp;{headers} = { Content-Type=application/json }</msg>
<status status="PASS" starttime="20200615 10:44:09.098" endtime="20200615 10:44:09.098"></status>
</kw>
<kw name="Create Dictionary" library="BuiltIn">
<doc>Creates and returns a dictionary based on the given ``items``.</doc>
<arguments>
<arg>user=${user}</arg>
<arg>password=${password}</arg>
</arguments>
<assign>
<var>&amp;{data}</var>
</assign>
<msg timestamp="20200615 10:44:09.102" level="INFO">&amp;{data} = { user=admin | password=Krt123Krt123@# }</msg>
<status status="PASS" starttime="20200615 10:44:09.099" endtime="20200615 10:44:09.103"></status>
</kw>
<kw name="Post Request" library="RequestsLibrary">
<doc>Send a POST request on the session object found using the
given `alias`</doc>
<arguments>
<arg>${session}</arg>
<arg>/rest/Token</arg>
<arg>headers=${headers}</arg>
<arg>json=${data}</arg>
</arguments>
<assign>
<var>${response}</var>
</assign>
<msg timestamp="20200615 10:44:11.762" level="INFO">POST Request : url=https://10.244.125.77/rest/Token 
 path_url=/rest/Token 
 headers={'User-Agent': 'python-requests/2.23.0', 'Accept-Encoding': 'gzip, deflate', 'Accept': '*/*', 'Connection': 'keep-alive', 'Content-Type': 'application/json', 'Content-Length': '47'} 
 body=b'{"user": "admin", "password": "Krt123Krt123@#"}' 
 </msg>
<msg timestamp="20200615 10:44:11.764" level="INFO">POST Response : url=https://10.244.125.77/rest/Token 
 status=200, reason=OK 
 body="eyJhbGciOiJIUzI1NiJ9.eyJzdWIiOiJhZG1pbiIsImV4cCI6MTU5MjI1Nzg2NywiaWF0IjoxNTkyMjQzNDY3fQ.9TKIRXKKVgDif9Hj-AboaeDU0xtPX_bj3Zp5PXtVpAw" 
 </msg>
<msg timestamp="20200615 10:44:11.764" level="INFO">c:\users\hung.vo\python3.6\lib\site-packages\urllib3\connectionpool.py:986: InsecureRequestWarning: Unverified HTTPS request is being made to host '10.244.125.77'. Adding certificate verification is strongly advised. See: https://urllib3.readthedocs.io/en/latest/advanced-usage.html#ssl-warnings
  InsecureRequestWarning,</msg>
<msg timestamp="20200615 10:44:11.765" level="INFO">${response} = &lt;Response [200]&gt;</msg>
<status status="PASS" starttime="20200615 10:44:09.104" endtime="20200615 10:44:11.765"></status>
</kw>
<kw name="To Json" library="RequestsLibrary">
<doc>Convert a string to a JSON object</doc>
<arguments>
<arg>${response.content}</arg>
</arguments>
<assign>
<var>${json_resp}</var>
</assign>
<msg timestamp="20200615 10:44:11.766" level="INFO">To JSON using : content="eyJhbGciOiJIUzI1NiJ9.eyJzdWIiOiJhZG1pbiIsImV4cCI6MTU5MjI1Nzg2NywiaWF0IjoxNTkyMjQzNDY3fQ.9TKIRXKKVgDif9Hj-AboaeDU0xtPX_bj3Zp5PXtVpAw" </msg>
<msg timestamp="20200615 10:44:11.766" level="INFO">To JSON using : pretty_print=False </msg>
<msg timestamp="20200615 10:44:11.767" level="INFO">${json_resp} = eyJhbGciOiJIUzI1NiJ9.eyJzdWIiOiJhZG1pbiIsImV4cCI6MTU5MjI1Nzg2NywiaWF0IjoxNTkyMjQzNDY3fQ.9TKIRXKKVgDif9Hj-AboaeDU0xtPX_bj3Zp5PXtVpAw</msg>
<status status="PASS" starttime="20200615 10:44:11.765" endtime="20200615 10:44:11.767"></status>
</kw>
<msg timestamp="20200615 10:44:11.767" level="INFO">${token} = eyJhbGciOiJIUzI1NiJ9.eyJzdWIiOiJhZG1pbiIsImV4cCI6MTU5MjI1Nzg2NywiaWF0IjoxNTkyMjQzNDY3fQ.9TKIRXKKVgDif9Hj-AboaeDU0xtPX_bj3Zp5PXtVpAw</msg>
<status status="PASS" starttime="20200615 10:44:09.098" endtime="20200615 10:44:11.767"></status>
</kw>
<kw name="Get_Network_Configuration" library="NetworkConfiguration">
<arguments>
<arg>@{session}</arg>
<arg>${token}</arg>
</arguments>
<assign>
<var>${response}</var>
</assign>
<kw name="Create Dictionary" library="BuiltIn">
<doc>Creates and returns a dictionary based on the given ``items``.</doc>
<arguments>
<arg>Content-Type=application/json</arg>
<arg>Authorization=Bearer ${token}</arg>
</arguments>
<assign>
<var>&amp;{headers}</var>
</assign>
<msg timestamp="20200615 10:44:11.772" level="INFO">&amp;{headers} = { Content-Type=application/json | Authorization=Bearer eyJhbGciOiJIUzI1NiJ9.eyJzdWIiOiJhZG1pbiIsImV4cCI6MTU5MjI1Nzg2NywiaWF0IjoxNTkyMjQzNDY3fQ.9TKIRXKKVgDif9Hj-AboaeDU0xtPX_bj3Zp5PXtVpAw }</msg>
<status status="PASS" starttime="20200615 10:44:11.771" endtime="20200615 10:44:11.773"></status>
</kw>
<kw name="Get Request" library="RequestsLibrary">
<doc>Send a GET request on the session object found using the
given `alias`</doc>
<arguments>
<arg>${session}</arg>
<arg>/rest/Configuration/NetworkSettings</arg>
<arg>headers=${headers}</arg>
</arguments>
<assign>
<var>${resp}</var>
</assign>
<msg timestamp="20200615 10:44:12.192" level="INFO">GET Request : url=https://10.244.125.77/rest/Configuration/NetworkSettings 
 path_url=/rest/Configuration/NetworkSettings 
 headers={'User-Agent': 'python-requests/2.23.0', 'Accept-Encoding': 'gzip, deflate', 'Accept': '*/*', 'Connection': 'keep-alive', 'Content-Type': 'application/json', 'Authorization': 'Bearer eyJhbGciOiJIUzI1NiJ9.eyJzdWIiOiJhZG1pbiIsImV4cCI6MTU5MjI1Nzg2NywiaWF0IjoxNTkyMjQzNDY3fQ.9TKIRXKKVgDif9Hj-AboaeDU0xtPX_bj3Zp5PXtVpAw'} 
 body=None 
 </msg>
<msg timestamp="20200615 10:44:12.192" level="INFO">GET Response : url=https://10.244.125.77/rest/Configuration/NetworkSettings 
 status=200, reason=OK 
 body={ "count":1, "items": [
  { "uri":"/Configuration/NetworkSettings/0", "data": { 
    "hostName":"MN300-125-77", 
    "macAddress":"7c:38:6c:10:11:53", 
    "dnsServerAddress":"", 
    "ipAddress":"10.244.125.77", 
    "id":"0", 
    "interfaceName":"eth0", 
    "subnetMask":"255.255.255.0", 
    "defaultGateway":"10.244.125.1", 
    "ntpServerAddress":"" }}]} 
 </msg>
<msg timestamp="20200615 10:44:12.192" level="INFO">c:\users\hung.vo\python3.6\lib\site-packages\urllib3\connectionpool.py:986: InsecureRequestWarning: Unverified HTTPS request is being made to host '10.244.125.77'. Adding certificate verification is strongly advised. See: https://urllib3.readthedocs.io/en/latest/advanced-usage.html#ssl-warnings
  InsecureRequestWarning,</msg>
<msg timestamp="20200615 10:44:12.193" level="INFO">${resp} = &lt;Response [200]&gt;</msg>
<status status="PASS" starttime="20200615 10:44:11.773" endtime="20200615 10:44:12.193"></status>
</kw>
<msg timestamp="20200615 10:44:12.193" level="INFO">${response} = &lt;Response [200]&gt;</msg>
<status status="PASS" starttime="20200615 10:44:11.769" endtime="20200615 10:44:12.193"></status>
</kw>
<kw name="Log To Console" library="BuiltIn">
<doc>Logs the given message to the console.</doc>
<arguments>
<arg>${response.status_code}</arg>
</arguments>
<status status="PASS" starttime="20200615 10:44:12.194" endtime="20200615 10:44:12.194"></status>
</kw>
<kw name="Log To Console" library="BuiltIn">
<doc>Logs the given message to the console.</doc>
<arguments>
<arg>${response.content}</arg>
</arguments>
<status status="PASS" starttime="20200615 10:44:12.195" endtime="20200615 10:44:12.195"></status>
</kw>
<kw name="To Json" library="RequestsLibrary">
<doc>Convert a string to a JSON object</doc>
<arguments>
<arg>${response.content}</arg>
</arguments>
<assign>
<var>${json_resp}</var>
</assign>
<msg timestamp="20200615 10:44:12.196" level="INFO">To JSON using : content={ "count":1, "items": [
  { "uri":"/Configuration/NetworkSettings/0", "data": { 
    "hostName":"MN300-125-77", 
    "macAddress":"7c:38:6c:10:11:53", 
    "dnsServerAddress":"", 
    "ipAddress":"10.244.125.77", 
    "id":"0", 
    "interfaceName":"eth0", 
    "subnetMask":"255.255.255.0", 
    "defaultGateway":"10.244.125.1", 
    "ntpServerAddress":"" }}]} </msg>
<msg timestamp="20200615 10:44:12.196" level="INFO">To JSON using : pretty_print=False </msg>
<msg timestamp="20200615 10:44:12.196" level="INFO">${json_resp} = {'count': 1, 'items': [{'uri': '/Configuration/NetworkSettings/0', 'data': {'hostName': 'MN300-125-77', 'macAddress': '7c:38:6c:10:11:53', 'dnsServerAddress': '', 'ipAddress': '10.244.125.77', 'id': '...</msg>
<status status="PASS" starttime="20200615 10:44:12.195" endtime="20200615 10:44:12.196"></status>
</kw>
<kw name="Set Variable" library="BuiltIn">
<doc>Returns the given values which can then be assigned to a variables.</doc>
<arguments>
<arg>${json_resp['items'][0]['data']['ipAddress']}</arg>
</arguments>
<assign>
<var>${ip-response}</var>
</assign>
<msg timestamp="20200615 10:44:12.197" level="INFO">${ip-response} = 10.244.125.77</msg>
<status status="PASS" starttime="20200615 10:44:12.196" endtime="20200615 10:44:12.197"></status>
</kw>
<kw name="Log To Console" library="BuiltIn">
<doc>Logs the given message to the console.</doc>
<arguments>
<arg>${ip}</arg>
</arguments>
<status status="PASS" starttime="20200615 10:44:12.197" endtime="20200615 10:44:12.198"></status>
</kw>
<kw name="Should Be Equal As Strings" library="BuiltIn">
<doc>Fails if objects are unequal after converting them to strings.</doc>
<arguments>
<arg>${response.status_code}</arg>
<arg>200</arg>
</arguments>
<msg timestamp="20200615 10:44:12.198" level="INFO">Argument types are:
&lt;class 'int'&gt;
&lt;type 'unicode'&gt;</msg>
<status status="PASS" starttime="20200615 10:44:12.198" endtime="20200615 10:44:12.199"></status>
</kw>
<kw name="Should Be Equal As Strings" library="BuiltIn">
<doc>Fails if objects are unequal after converting them to strings.</doc>
<arguments>
<arg>${ip-response}</arg>
<arg>@{ip}</arg>
</arguments>
<status status="PASS" starttime="20200615 10:44:12.199" endtime="20200615 10:44:12.199"></status>
</kw>
<status status="PASS" starttime="20200615 10:44:09.095" endtime="20200615 10:44:12.201" critical="yes"></status>
</test>
<status status="PASS" starttime="20200615 10:44:08.336" endtime="20200615 10:44:12.202"></status>
</suite>
<statistics>
<total>
<stat pass="1" fail="0">Critical Tests</stat>
<stat pass="1" fail="0">All Tests</stat>
</total>
<tag>
</tag>
<suite>
<stat pass="1" fail="0" id="s1" name="TC 001 Get Networks Configuration">TC 001 Get Networks Configuration</stat>
</suite>
</statistics>
<errors>
</errors>
</robot>
